operation_mode: training
[2026-05-07 00:39:06,064][train][INFO] - Training with a single process on 1 device (cuda).
[2026-05-07 00:39:06,065][train][INFO] - Model states_cnn_pt created, param count:32081
[2026-05-07 00:39:06,066][timm.data.config][INFO] - Data processing configuration for current model + dataset:
[2026-05-07 00:39:06,066][timm.data.config][INFO] - 	input_size: (3, 16, 128)
[2026-05-07 00:39:06,066][timm.data.config][INFO] - 	interpolation: bilinear
[2026-05-07 00:39:06,066][timm.data.config][INFO] - 	mean: (0, 0, 0)
[2026-05-07 00:39:06,066][timm.data.config][INFO] - 	std: (1, 1, 1)
[2026-05-07 00:39:06,066][timm.data.config][INFO] - 	crop_pct: 0.875
[2026-05-07 00:39:06,066][timm.data.config][INFO] - 	crop_mode: center
[2026-05-07 00:39:06,161][train][INFO] - Learning rate (0.001) calculated from base learning rate (0.001) and effective global batch size (32) with sqrt scaling.
[2026-05-07 00:39:06,161][train][INFO] - AMP not enabled. Training in float32.
[2026-05-07 00:39:06,181][train][INFO] - Scheduled epochs: 1. LR stepped per epoch.
[2026-05-07 00:40:07,864][train][INFO] - Train: 0 [   0/40 (  0%)]  Loss: 4.88 (4.88)  Time: 61.683s,    0.52/s  (61.683s,    0.52/s)  LR: 1.000e-05  Data: 60.769 (60.769)
[2026-05-07 00:40:08,236][train][INFO] - Train: 0 [  10/40 ( 26%)]  Loss: 4.97 (4.86)  Time: 0.103s,  310.68/s  (5.641s,    5.67/s)  LR: 1.000e-05  Data: 0.096 (5.553)
[2026-05-07 00:40:08,526][train][INFO] - Train: 0 [  20/40 ( 51%)]  Loss: 4.90 (4.88)  Time: 0.038s,  851.16/s  (2.969s,   10.78/s)  LR: 1.000e-05  Data: 0.034 (2.920)
[2026-05-07 00:40:08,745][train][INFO] - Train: 0 [  30/40 ( 77%)]  Loss: 4.85 (4.88)  Time: 0.040s,  799.96/s  (2.018s,   15.86/s)  LR: 1.000e-05  Data: 0.037 (1.984)
[2026-05-07 00:41:06,018][train][INFO] - Test: [   0/8]  Time: 57.093 (57.093)  Loss:   4.840 ( 4.840)  Acc@1:   0.000 (  0.000)  Acc@5:   0.000 (  0.000)
[2026-05-07 00:41:06,577][train][INFO] - Test: [   8/8]  Time: 0.036 (6.406)  Loss:   4.836 ( 4.872)  Acc@1:   0.000 (  0.775)  Acc@5:   0.000 (  3.101)
[2026-05-07 00:41:06,617][train][INFO] - *** Best metric: 0.7751937984496124 (epoch 0)
